<?xml version="1.0" encoding="UTF-8"?>
<coverage generated="1636010960486" clover="3.2.0">
  <project timestamp="1636010960486" name="All files">
    <metrics statements="2" coveredstatements="2" conditionals="2" coveredconditionals="0" methods="1" coveredmethods="1" elements="5" coveredelements="3" complexity="0" loc="2" ncloc="2" packages="1" files="1" classes="1"/>
    <file name="button.ts" path="/Users/mcrawford/Documents/workspace/circleci/button.ts">
      <metrics statements="2" coveredstatements="2" conditionals="2" coveredconditionals="0" methods="1" coveredmethods="1"/>
      <line num="3" count="1" type="stmt"/>
      <line num="6" count="1" type="stmt"/>
    </file>
  </project>
</coverage>
