{"/Users/mcrawford/Documents/workspace/circleci/button.ts": {"path":"/Users/mcrawford/Documents/workspace/circleci/button.ts","statementMap":{"0":{"start":{"line":3,"column":4},"end":{"line":3,"column":19}},"1":{"start":{"line":6,"column":0},"end":{"line":6,"column":32}}},"fnMap":{"0":{"name":"testClickButton","decl":{"start":{"line":2,"column":9},"end":{"line":2,"column":24}},"loc":{"start":{"line":2,"column":67},"end":{"line":4,"column":1}},"line":2}},"branchMap":{"0":{"loc":{"start":{"line":2,"column":25},"end":{"line":2,"column":43}},"type":"default-arg","locations":[{"start":{"line":2,"column":36},"end":{"line":2,"column":43}}],"line":2},"1":{"loc":{"start":{"line":2,"column":45},"end":{"line":2,"column":65}},"type":"default-arg","locations":[{"start":{"line":2,"column":56},"end":{"line":2,"column":65}}],"line":2}},"s":{"0":1,"1":1},"f":{"0":1},"b":{"0":[0],"1":[0]},"_coverageSchema":"1a1c01bbd47fc00a2c39e90264f33305004495a9","hash":"ecb9087e9e7cdd336b5748dcbbdab383299cd385"}
}
